Arguments: 
  /root/.nvm/versions/node/v18.17.0/bin/node /usr/share/yarn/bin/yarn.js

PATH: 
  /root/.vscode-server/bin/1e790d77f81672c49be070e04474901747115651/bin/remote-cli:/root/.nvm/versions/node/v18.17.0/bin:/usr/local/sbin:/usr/local/bin:/usr/sbin:/usr/bin:/sbin:/bin:/usr/games:/usr/local/games:/usr/lib/wsl/lib:/mnt/c/Windows/system32:/mnt/c/Windows:/mnt/c/Windows/System32/Wbem:/mnt/c/Windows/System32/WindowsPowerShell/v1.0/:/mnt/c/Windows/System32/OpenSSH/:/mnt/c/Program Files (x86)/NVIDIA Corporation/PhysX/Common:/mnt/c/Program Files/NVIDIA Corporation/NVIDIA NvDLISR:/mnt/c/WINDOWS/system32:/mnt/c/WINDOWS:/mnt/c/WINDOWS/System32/Wbem:/mnt/c/WINDOWS/System32/WindowsPowerShell/v1.0/:/mnt/c/WINDOWS/System32/OpenSSH/:/mnt/c/Program Files/Git/cmd:/mnt/c/Program Files (x86)/Yarn/bin/:/mnt/c/ProgramData/chocolatey/bin:/mnt/c/Program Files (x86)/Google/Cloud SDK/google-cloud-sdk/bin:/mnt/c/Program Files/dotnet/:/mnt/c/Users/ivana/AppData/Roaming/nvm:/mnt/c/Program Files/nodejs:/mnt/c/Program Files/GitHub CLI/:/mnt/c/Program Files/AutoFirma/AutoFirma:/mnt/c/Program Files/Docker/Docker/resources/bin:/mnt/c/Users/ivana/AppData/Local/Programs/Python/Python39/Scripts/:/mnt/c/Users/ivana/AppData/Local/Programs/Python/Python39/:/mnt/c/Users/ivana/AppData/Local/Microsoft/WindowsApps:/mnt/c/Users/ivana/AppData/Local/Programs/Microsoft VS Code/bin:/mnt/c/Users/ivana/AppData/Roaming/npm:/mnt/c/Users/ivana/AppData/Local/Yarn/bin:/mnt/c/Users/ivana/AppData/Local/gitkraken/bin:/mnt/c/Users/ivana/AppData/Roaming/nvm:/mnt/c/Program Files/nodejs:/root/.foundry/bin:/root/.foundry/bin:/root/.foundry/bin

Yarn version: 
  1.22.19

Node version: 
  18.17.0

Platform: 
  linux x64

Trace: 
  Error: Client network socket disconnected before secure TLS connection was established
      at connResetException (node:internal/errors:720:14)
      at TLSSocket.onConnectEnd (node:_tls_wrap:1605:19)
      at TLSSocket.emit (node:events:526:35)
      at endReadableNT (node:internal/streams/readable:1359:12)
      at process.processTicksAndRejections (node:internal/process/task_queues:82:21)

npm manifest: 
  {
    "name": "cryptopunks-frames",
    "version": "0.1.0",
    "private": true,
    "scripts": {
      "dev": "next dev",
      "build": "next build",
      "start": "next start",
      "lint": "next lint"
    },
    "dependencies": {
      "axios": "^1.6.7",
      "ethers": "^5.7.2",
      "graphql": "^16.8.1",
      "graphql-request": "^6.1.0",
      "next": "14.1.0",
      "react": "^18",
      "react-dom": "^18",
      "viem": "^2.7.1"
    },
    "devDependencies": {
      "@types/node": "^20",
      "@types/react": "^18",
      "@types/react-dom": "^18",
      "autoprefixer": "^10.0.1",
      "eslint": "^8",
      "eslint-config-next": "14.1.0",
      "postcss": "^8",
      "tailwindcss": "^3.3.0",
      "typescript": "^5"
    }
  }

yarn manifest: 
  No manifest

Lockfile: 
  No lockfile
